<?xml version="1.0" encoding="UTF-8"?>
<!-- Generated by org.testng.reporters.JUnitXMLReporter -->
<testsuite ignored="0" hostname="DESKTOP-86N5MAN" failures="0" tests="48" name="Surefire test" time="270.564" errors="0" timestamp="2026-05-14T10:40:12 IST">
  <testcase classname="com.sqa.PixelsSuiteTest" name="TC_001_homepage_load" time="1.331"/>
  <testcase classname="com.sqa.PixelsSuiteTest" name="TC_002_body_visible" time="1.067"/>
  <testcase classname="com.sqa.PixelsSuiteTest" name="TC_003_header_exists" time="0.32"/>
  <testcase classname="com.sqa.PixelsSuiteTest" name="TC_005_footer_exists" time="1.112"/>
  <testcase classname="com.sqa.PixelsSuiteTest" name="TC_006_links_exist" time="0.116"/>
  <testcase classname="com.sqa.PixelsSuiteTest" name="TC_007_buttons_exist" time="0.084"/>
  <testcase classname="com.sqa.PixelsSuiteTest" name="TC_008_page_reload" time="2.981"/>
  <testcase classname="com.sqa.PixelsSuiteTest" name="TC_009_scroll_test" time="0.191"/>
  <testcase classname="com.sqa.PixelsSuiteTest" name="TC_010_window_check" time="0.019"/>
  <testcase classname="com.sqa.PixelsSuiteTest" name="TC_011_nav_exists" time="0.049"/>
  <testcase classname="com.sqa.PixelsSuiteTest" name="TC_012_links_clickable" time="0.086"/>
  <testcase classname="com.sqa.PixelsSuiteTest" name="TC_013_external_links" time="0.06"/>
  <testcase classname="com.sqa.PixelsSuiteTest" name="TC_014_page_stability" time="1.176"/>
  <testcase classname="com.sqa.PixelsSuiteTest" name="TC_015_body_not_empty" time="0.072"/>
  <testcase classname="com.sqa.PixelsSuiteTest" name="TC_016_ui_render" time="0.063"/>
  <testcase classname="com.sqa.PixelsSuiteTest" name="TC_017_dom_exists" time="0.036"/>
  <testcase classname="com.sqa.PixelsSuiteTest" name="TC_018_scroll_top_bottom" time="0.062"/>
  <testcase classname="com.sqa.PixelsSuiteTest" name="TC_019_elements_loaded" time="0.084"/>
  <testcase classname="com.sqa.PixelsSuiteTest" name="TC_020_page_title_check" time="0.038"/>
  <testcase classname="com.sqa.PixelsSuiteTest" name="TC_022_svg_loaded" time="0.291"/>
  <testcase classname="com.sqa.PixelsSuiteTest" name="TC_023_forms_exist" time="0.109"/>
  <testcase classname="com.sqa.PixelsSuiteTest" name="TC_024_inputs_exist" time="0.155"/>
  <testcase classname="com.sqa.PixelsSuiteTest" name="TC_025_text_visible" time="0.07"/>
  <testcase classname="com.sqa.PixelsSuiteTest" name="TC_026_layout_check" time="0.12"/>
  <testcase classname="com.sqa.PixelsSuiteTest" name="TC_027_reload_check" time="0.813"/>
  <testcase classname="com.sqa.PixelsSuiteTest" name="TC_028_click_test" time="0.642"/>
  <testcase classname="com.sqa.PixelsSuiteTest" name="TC_029_hover_test" time="0.328"/>
  <testcase classname="com.sqa.PixelsSuiteTest" name="TC_030_stability_check" time="0.187"/>
  <testcase classname="com.sqa.PixelsSuiteTest" name="TC_031_js_execution" time="0.048"/>
  <testcase classname="com.sqa.PixelsSuiteTest" name="TC_032_page_source_check" time="0.034"/>
  <testcase classname="com.sqa.PixelsSuiteTest" name="TC_033_refresh_stability" time="5.516"/>
  <testcase classname="com.sqa.PixelsSuiteTest" name="TC_034_anchor_check" time="0.079"/>
  <testcase classname="com.sqa.PixelsSuiteTest" name="TC_035_interaction_test" time="0.185"/>
  <testcase classname="com.sqa.PixelsSuiteTest" name="TC_036_reload_test" time="2.854"/>
  <testcase classname="com.sqa.PixelsSuiteTest" name="TC_037_responsiveness_check" time="0.533"/>
  <testcase classname="com.sqa.PixelsSuiteTest" name="TC_038_tablet_view" time="0.465"/>
  <testcase classname="com.sqa.PixelsSuiteTest" name="TC_039_desktop_view" time="0.558"/>
  <testcase classname="com.sqa.PixelsSuiteTest" name="TC_040_scroll_test" time="0.043"/>
  <testcase classname="com.sqa.PixelsSuiteTest" name="TC_041_back_forward_navigation" time="1.706"/>
  <testcase classname="com.sqa.PixelsSuiteTest" name="TC_042_url_check" time="0.016"/>
  <testcase classname="com.sqa.PixelsSuiteTest" name="TC_043_refresh_stability" time="1.095"/>
  <testcase classname="com.sqa.PixelsSuiteTest" name="TC_044_page_stability_check" time="0.093"/>
  <testcase classname="com.sqa.PixelsSuiteTest" name="TC_045_dom_stability" time="0.044"/>
  <testcase classname="com.sqa.PixelsSuiteTest" name="TC_046_element_presence" time="0.095"/>
  <testcase classname="com.sqa.PixelsSuiteTest" name="TC_047_UI_consistency" time="0.073"/>
  <testcase classname="com.sqa.PixelsSuiteTest" name="TC_048_reload_consistency" time="2.46"/>
  <testcase classname="com.sqa.PixelsSuiteTest" name="TC_049_final_health_check" time="0.153"/>
  <testcase classname="com.sqa.PixelsSuiteTest" name="TC_050_teardown_check" time="0.003"/>
</testsuite> <!-- Surefire test -->
