<?xml version="1.0" encoding="UTF-8"?>
<testsuite xmlns:xsi="http://www.w3.org/2001/XMLSchema-instance" xsi:noNamespaceSchemaLocation="https://maven.apache.org/surefire/maven-surefire-plugin/xsd/surefire-test-report-3.0.xsd" version="3.0" name="com.sqa.PixelsSuiteTest" time="275.624" tests="48" errors="0" skipped="0" failures="0">
  <properties>
[...]
</properties>
  <testcase name="TC_001_homepage_load" classname="com.sqa.PixelsSuiteTest" time="1.338">
    <system-err><![CDATA[SLF4J(W): No SLF4J providers were found.
SLF4J(W): Defaulting to no-operation (NOP) logger implementation
SLF4J(W): See https://www.slf4j.org/codes.html#noProviders for further details.
May 14, 2026 10:39:19 AM org.openqa.selenium.devtools.CdpVersionFinder findNearestMatch
WARNING: Unable to find CDP implementation matching 148
May 14, 2026 10:39:19 AM org.openqa.selenium.chromium.ChromiumDriver lambda$new$5
WARNING: Unable to find version of CDP to use for 148.0.7778.98. You may need to include a dependency on a specific version of the CDP using something similar to `org.seleniumhq.selenium:selenium-devtools-v86:4.18.1` where the version ("v86") matches the version of the chromium-based browser you're using and the version number of the artifact is the same as Selenium's.
]]></system-err>
  </testcase>
  <testcase name="TC_002_body_visible" classname="com.sqa.PixelsSuiteTest" time="1.059"/>
  <testcase name="TC_003_header_exists" classname="com.sqa.PixelsSuiteTest" time="0.318"/>
  <testcase name="TC_005_footer_exists" classname="com.sqa.PixelsSuiteTest" time="1.113"/>
  <testcase name="TC_006_links_exist" classname="com.sqa.PixelsSuiteTest" time="0.122"/>
  <testcase name="TC_007_buttons_exist" classname="com.sqa.PixelsSuiteTest" time="0.087"/>
  <testcase name="TC_008_page_reload" classname="com.sqa.PixelsSuiteTest" time="2.983"/>
  <testcase name="TC_009_scroll_test" classname="com.sqa.PixelsSuiteTest" time="0.187"/>
  <testcase name="TC_010_window_check" classname="com.sqa.PixelsSuiteTest" time="0.019"/>
  <testcase name="TC_011_nav_exists" classname="com.sqa.PixelsSuiteTest" time="0.049"/>
  <testcase name="TC_012_links_clickable" classname="com.sqa.PixelsSuiteTest" time="0.082"/>
  <testcase name="TC_013_external_links" classname="com.sqa.PixelsSuiteTest" time="0.056"/>
  <testcase name="TC_014_page_stability" classname="com.sqa.PixelsSuiteTest" time="1.167"/>
  <testcase name="TC_015_body_not_empty" classname="com.sqa.PixelsSuiteTest" time="0.065"/>
  <testcase name="TC_016_ui_render" classname="com.sqa.PixelsSuiteTest" time="0.064"/>
  <testcase name="TC_017_dom_exists" classname="com.sqa.PixelsSuiteTest" time="0.036"/>
  <testcase name="TC_018_scroll_top_bottom" classname="com.sqa.PixelsSuiteTest" time="0.068"/>
  <testcase name="TC_019_elements_loaded" classname="com.sqa.PixelsSuiteTest" time="0.082"/>
  <testcase name="TC_020_page_title_check" classname="com.sqa.PixelsSuiteTest" time="0.036"/>
  <testcase name="TC_022_svg_loaded" classname="com.sqa.PixelsSuiteTest" time="0.296"/>
  <testcase name="TC_023_forms_exist" classname="com.sqa.PixelsSuiteTest" time="0.114"/>
  <testcase name="TC_024_inputs_exist" classname="com.sqa.PixelsSuiteTest" time="0.152"/>
  <testcase name="TC_025_text_visible" classname="com.sqa.PixelsSuiteTest" time="0.071"/>
  <testcase name="TC_026_layout_check" classname="com.sqa.PixelsSuiteTest" time="0.119"/>
  <testcase name="TC_027_reload_check" classname="com.sqa.PixelsSuiteTest" time="0.808"/>
  <testcase name="TC_028_click_test" classname="com.sqa.PixelsSuiteTest" time="0.641"/>
  <testcase name="TC_029_hover_test" classname="com.sqa.PixelsSuiteTest" time="0.329"/>
  <testcase name="TC_030_stability_check" classname="com.sqa.PixelsSuiteTest" time="0.185"/>
  <testcase name="TC_031_js_execution" classname="com.sqa.PixelsSuiteTest" time="0.047"/>
  <testcase name="TC_032_page_source_check" classname="com.sqa.PixelsSuiteTest" time="0.035"/>
  <testcase name="TC_033_refresh_stability" classname="com.sqa.PixelsSuiteTest" time="5.515"/>
  <testcase name="TC_034_anchor_check" classname="com.sqa.PixelsSuiteTest" time="0.074"/>
  <testcase name="TC_035_interaction_test" classname="com.sqa.PixelsSuiteTest" time="0.188"/>
  <testcase name="TC_036_reload_test" classname="com.sqa.PixelsSuiteTest" time="2.858"/>
  <testcase name="TC_037_responsiveness_check" classname="com.sqa.PixelsSuiteTest" time="0.532"/>
  <testcase name="TC_038_tablet_view" classname="com.sqa.PixelsSuiteTest" time="0.468"/>
  <testcase name="TC_039_desktop_view" classname="com.sqa.PixelsSuiteTest" time="0.556"/>
  <testcase name="TC_040_scroll_test" classname="com.sqa.PixelsSuiteTest" time="0.042"/>
  <testcase name="TC_041_back_forward_navigation" classname="com.sqa.PixelsSuiteTest" time="1.7"/>
  <testcase name="TC_042_url_check" classname="com.sqa.PixelsSuiteTest" time="0.015"/>
  <testcase name="TC_043_refresh_stability" classname="com.sqa.PixelsSuiteTest" time="1.096"/>
  <testcase name="TC_044_page_stability_check" classname="com.sqa.PixelsSuiteTest" time="0.09"/>
  <testcase name="TC_045_dom_stability" classname="com.sqa.PixelsSuiteTest" time="0.044"/>
  <testcase name="TC_046_element_presence" classname="com.sqa.PixelsSuiteTest" time="0.095"/>
  <testcase name="TC_047_UI_consistency" classname="com.sqa.PixelsSuiteTest" time="0.072"/>
  <testcase name="TC_048_reload_consistency" classname="com.sqa.PixelsSuiteTest" time="2.458"/>
  <testcase name="TC_049_final_health_check" classname="com.sqa.PixelsSuiteTest" time="0.152"/>
  <testcase name="TC_050_teardown_check" classname="com.sqa.PixelsSuiteTest" time="0.0"/>
</testsuite>