<?xml version="1.0" encoding="UTF-8"?>
<!-- Generated by org.testng.reporters.JUnitReportReporter -->
<testsuite hostname="DESKTOP-86N5MAN" failures="0" tests="48" name="com.sqa.PixelsSuiteTest" time="52.849" errors="0" timestamp="2026-05-14T10:40:13 IST" skipped="0">
  <testcase classname="com.sqa.PixelsSuiteTest" name="TC_013_external_links" time="0.150"/>
  <system-out/>
  <testcase classname="com.sqa.PixelsSuiteTest" name="TC_035_interaction_test" time="0.313"/>
  <system-out/>
  <testcase classname="com.sqa.PixelsSuiteTest" name="TC_001_homepage_load" time="1.464"/>
  <system-out/>
  <testcase classname="com.sqa.PixelsSuiteTest" name="TC_042_url_check" time="0.230"/>
  <system-out/>
  <testcase classname="com.sqa.PixelsSuiteTest" name="TC_031_js_execution" time="0.092"/>
  <system-out/>
  <testcase classname="com.sqa.PixelsSuiteTest" name="TC_037_responsiveness_check" time="0.677"/>
  <system-out/>
  <testcase classname="com.sqa.PixelsSuiteTest" name="TC_022_svg_loaded" time="0.396"/>
  <system-out/>
  <testcase classname="com.sqa.PixelsSuiteTest" name="TC_045_dom_stability" time="0.232"/>
  <system-out/>
  <testcase classname="com.sqa.PixelsSuiteTest" name="TC_010_window_check" time="0.173"/>
  <system-out/>
  <testcase classname="com.sqa.PixelsSuiteTest" name="TC_047_UI_consistency" time="0.784"/>
  <system-out/>
  <testcase classname="com.sqa.PixelsSuiteTest" name="TC_030_stability_check" time="0.363"/>
  <system-out/>
  <testcase classname="com.sqa.PixelsSuiteTest" name="TC_016_ui_render" time="0.362"/>
  <system-out/>
  <testcase classname="com.sqa.PixelsSuiteTest" name="TC_017_dom_exists" time="0.487"/>
  <system-out/>
  <testcase classname="com.sqa.PixelsSuiteTest" name="TC_020_page_title_check" time="0.268"/>
  <system-out/>
  <testcase classname="com.sqa.PixelsSuiteTest" name="TC_043_refresh_stability" time="1.326"/>
  <system-out/>
  <testcase classname="com.sqa.PixelsSuiteTest" name="TC_026_layout_check" time="0.269"/>
  <system-out/>
  <testcase classname="com.sqa.PixelsSuiteTest" name="TC_008_page_reload" time="3.209"/>
  <system-out/>
  <testcase classname="com.sqa.PixelsSuiteTest" name="TC_033_refresh_stability" time="5.751"/>
  <system-out/>
  <testcase classname="com.sqa.PixelsSuiteTest" name="TC_015_body_not_empty" time="0.374"/>
  <system-out/>
  <testcase classname="com.sqa.PixelsSuiteTest" name="TC_027_reload_check" time="1.033"/>
  <system-out/>
  <testcase classname="com.sqa.PixelsSuiteTest" name="TC_003_header_exists" time="0.815"/>
  <system-out/>
  <testcase classname="com.sqa.PixelsSuiteTest" name="TC_046_element_presence" time="0.280"/>
  <system-out/>
  <testcase classname="com.sqa.PixelsSuiteTest" name="TC_032_page_source_check" time="0.255"/>
  <system-out/>
  <testcase classname="com.sqa.PixelsSuiteTest" name="TC_041_back_forward_navigation" time="1.884"/>
  <system-out/>
  <testcase classname="com.sqa.PixelsSuiteTest" name="TC_023_forms_exist" time="0.420"/>
  <system-out/>
  <testcase classname="com.sqa.PixelsSuiteTest" name="TC_040_scroll_test" time="0.534"/>
  <system-out/>
  <testcase classname="com.sqa.PixelsSuiteTest" name="TC_039_desktop_view" time="0.862"/>
  <system-out/>
  <testcase classname="com.sqa.PixelsSuiteTest" name="TC_007_buttons_exist" time="0.372"/>
  <system-out/>
  <testcase classname="com.sqa.PixelsSuiteTest" name="TC_034_anchor_check" time="0.245"/>
  <system-out/>
  <testcase classname="com.sqa.PixelsSuiteTest" name="TC_018_scroll_top_bottom" time="0.276"/>
  <system-out/>
  <testcase classname="com.sqa.PixelsSuiteTest" name="TC_019_elements_loaded" time="0.535"/>
  <system-out/>
  <testcase classname="com.sqa.PixelsSuiteTest" name="TC_038_tablet_view" time="0.770"/>
  <system-out/>
  <testcase classname="com.sqa.PixelsSuiteTest" name="TC_050_teardown_check" time="0.232"/>
  <system-out/>
  <testcase classname="com.sqa.PixelsSuiteTest" name="TC_036_reload_test" time="3.040"/>
  <system-out/>
  <testcase classname="com.sqa.PixelsSuiteTest" name="TC_029_hover_test" time="0.573"/>
  <system-out/>
  <testcase classname="com.sqa.PixelsSuiteTest" name="TC_009_scroll_test" time="0.501"/>
  <system-out/>
  <testcase classname="com.sqa.PixelsSuiteTest" name="TC_011_nav_exists" time="12.835"/>
  <system-out/>
  <testcase classname="com.sqa.PixelsSuiteTest" name="TC_044_page_stability_check" time="0.393"/>
  <system-out/>
  <testcase classname="com.sqa.PixelsSuiteTest" name="TC_006_links_exist" time="0.582"/>
  <system-out/>
  <testcase classname="com.sqa.PixelsSuiteTest" name="TC_049_final_health_check" time="1.002"/>
  <system-out/>
  <testcase classname="com.sqa.PixelsSuiteTest" name="TC_025_text_visible" time="0.222"/>
  <system-out/>
  <testcase classname="com.sqa.PixelsSuiteTest" name="TC_014_page_stability" time="1.313"/>
  <system-out/>
  <testcase classname="com.sqa.PixelsSuiteTest" name="TC_028_click_test" time="1.001"/>
  <system-out/>
  <testcase classname="com.sqa.PixelsSuiteTest" name="TC_005_footer_exists" time="1.289"/>
  <system-out/>
  <testcase classname="com.sqa.PixelsSuiteTest" name="TC_012_links_clickable" time="0.289"/>
  <system-out/>
  <testcase classname="com.sqa.PixelsSuiteTest" name="TC_002_body_visible" time="1.274"/>
  <system-out/>
  <testcase classname="com.sqa.PixelsSuiteTest" name="TC_048_reload_consistency" time="2.666"/>
  <system-out/>
  <testcase classname="com.sqa.PixelsSuiteTest" name="TC_024_inputs_exist" time="0.436"/>
  <system-out/>
</testsuite> <!-- com.sqa.PixelsSuiteTest -->
